2025-11-11 14:39:14,499Z - INFO - ==== TE V5 Trainer start ====
2025-11-11 14:39:14,499Z - INFO - Connecting DB...
2025-11-11 14:39:14,569Z - INFO - DB OK
2025-11-11 14:39:14,570Z - INFO - Loading prices...
2025-11-11 14:41:17,000Z - INFO - Indicators (RSI/SMA/ATR)...
2025-11-11 14:41:20,728Z - INFO - Daily trends (SMA/trend)...
2025-11-11 14:41:22,301Z - INFO - Loading TE news...
2025-11-11 14:41:22,932Z - INFO - Filtered news piles >20: 9449 removed
2025-11-11 14:41:22,933Z - INFO - Loading imp_cache_tradingeconomics...
2025-11-11 14:41:22,946Z - INFO - Building targets (direction/magnitude) with +15m horizon...
2025-11-11 14:41:24,918Z - INFO - Dynamic horizon filter: 1442 -> 985 events (removed 457 with horizon < 5m)
2025-11-11 14:41:25,460Z - INFO - Direction classification thresholds: min=1.2, coeff=0.4
2025-11-11 14:41:25,460Z - INFO - Threshold range: [1.20, 1.36] pips, median=1.20
2025-11-11 14:41:25,460Z - INFO - Building features...
2025-11-11 14:41:25,474Z - INFO - Loading correlation features...
2025-11-11 14:41:25,479Z - INFO - Falling back to correlation_trends (currency/year).
2025-11-11 14:41:25,504Z - INFO - Applied currency/year correlation fallback.
2025-11-11 14:41:26,445Z - INFO - Labels: use_dynamic=True, y_col=direction_cls_dyn, mag_col=magnitude_pips_dyn
2025-11-11 14:41:26,576Z - INFO - Oversampling to max class: before=[205, 355, 228], after=[355, 355, 355]
2025-11-11 14:41:26,576Z - INFO - Time split @ 2025-11-10 07:49:25+00:00: train=788, test=197
2025-11-11 14:41:26,577Z - INFO - Class balance (train): Counter({np.int64(1): 355, np.int64(2): 228, np.int64(0): 205})
2025-11-11 14:41:26,577Z - INFO - Class balance (test): Counter({np.int64(1): 81, np.int64(2): 62, np.int64(0): 54})
2025-11-11 14:41:26,578Z - INFO - Baseline (majority=1) acc=0.4112
2025-11-11 14:41:26,578Z - INFO - Train RandomForest (direction)...
2025-11-11 14:41:27,731Z - INFO - GridSearch XGBClassifier (direction)...
