2025-11-10 20:30:43,504Z - INFO - ==== TE V5 Trainer start ====
2025-11-10 20:30:43,504Z - INFO - Connecting DB...
2025-11-10 20:30:43,561Z - INFO - DB OK
2025-11-10 20:30:43,561Z - INFO - Loading prices...
2025-11-10 20:32:29,961Z - INFO - Indicators (RSI/SMA/ATR)...
2025-11-10 20:32:33,817Z - INFO - Daily trends (SMA/trend)...
2025-11-10 20:32:34,596Z - INFO - Loading TE news...
2025-11-10 20:32:35,498Z - INFO - Filtered news piles >20: 9449 removed
2025-11-10 20:32:35,498Z - INFO - Loading imp_cache_tradingeconomics...
2025-11-10 20:32:35,515Z - INFO - Building targets (direction/magnitude) with +15m horizon...
2025-11-10 20:32:37,336Z - INFO - Building features...
2025-11-10 20:32:37,348Z - INFO - Loading correlation features...
2025-11-10 20:32:37,354Z - INFO - Falling back to correlation_trends (currency/year).
2025-11-10 20:32:37,380Z - INFO - Applied currency/year correlation fallback.
2025-11-10 20:32:38,270Z - INFO - Time split @ 2025-11-06 19:52:06.400000+00:00: train=1063, test=266
2025-11-10 20:32:38,270Z - INFO - Class balance (train): Counter({np.int64(1): 726, np.int64(2): 210, np.int64(0): 127})
2025-11-10 20:32:38,270Z - INFO - Class balance (test): Counter({np.int64(1): 186, np.int64(0): 45, np.int64(2): 35})
2025-11-10 20:32:38,273Z - INFO - Baseline (majority=1) acc=0.6992
2025-11-10 20:32:38,273Z - INFO - Train RandomForest (direction, class_weight=balanced)...
2025-11-10 20:32:39,450Z - INFO - GridSearch XGBClassifier (direction, sample_weight)...
2025-11-10 20:33:55,665Z - INFO - Best XGB params: {'learning_rate': 0.1, 'max_depth': 4, 'n_estimators': 300}
2025-11-10 20:33:55,921Z - INFO - Ensemble (RF+XGB) direction: acc=0.6842 f1=0.4169
2025-11-10 20:33:56,062Z - INFO - GridSearch XGBRegressor (magnitude)...
2025-11-10 20:33:57,752Z - INFO - Best XGBReg params: {'learning_rate': 0.05, 'max_depth': 4, 'n_estimators': 200}
2025-11-10 20:33:57,758Z - INFO - RMSE magnitude (pips) @+15m: 2.0916
2025-11-10 20:33:57,763Z - INFO - ==== TE V5 Trainer done ====
