2025-11-11 17:07:00,330Z - INFO - ==== TE V5 Trainer start ====
2025-11-11 17:07:00,330Z - INFO - Connecting DB...
2025-11-11 17:07:00,395Z - INFO - DB OK
2025-11-11 17:07:00,395Z - INFO - Loading prices...
2025-11-11 17:08:52,882Z - INFO - Indicators (RSI/SMA/ATR)...
2025-11-11 17:08:56,458Z - INFO - Daily trends (SMA/trend)...
2025-11-11 17:08:58,107Z - INFO - Loading TE news...
2025-11-11 17:08:58,785Z - INFO - Filtered news piles >20: 9449 removed
2025-11-11 17:08:58,786Z - INFO - Loading imp_cache_tradingeconomics...
2025-11-11 17:08:58,872Z - INFO - Building targets (direction/magnitude) with +15m horizon...
2025-11-11 17:09:00,882Z - INFO - Dynamic horizon filter: 1460 -> 1003 events (removed 457 with horizon < 5m)
2025-11-11 17:09:01,376Z - INFO - Direction classification thresholds: min=1.6, coeff=0.55
2025-11-11 17:09:01,377Z - INFO - Threshold range: [1.60, 1.87] pips, median=1.60
2025-11-11 17:09:01,377Z - INFO - Building features...
2025-11-11 17:09:01,391Z - INFO - Loading correlation features...
2025-11-11 17:09:01,416Z - INFO - Falling back to correlation_trends (currency/year).
2025-11-11 17:09:01,444Z - INFO - Applied currency/year correlation fallback.
2025-11-11 17:09:02,351Z - INFO - Labels: use_dynamic=False, y_col=direction_cls, mag_col=magnitude_pips
2025-11-11 17:09:02,447Z - INFO - Time split @ 2025-11-10 08:48:12.600000+00:00: train=654, test=201
2025-11-11 17:09:02,447Z - INFO - Time split @ 2025-11-10 08:48:12.600000+00:00: train=654, test=201
2025-11-11 17:09:02,448Z - INFO - Class balance (train): Counter({np.int64(1): 275, np.int64(2): 266, np.int64(0): 113})
2025-11-11 17:09:02,448Z - INFO - Class balance (test): Counter({np.int64(1): 88, np.int64(0): 59, np.int64(2): 54})
2025-11-11 17:09:02,448Z - INFO - Baseline (majority=1) acc=0.4378
2025-11-11 17:09:02,448Z - INFO - Train RandomForest (direction)...
2025-11-11 17:09:03,762Z - INFO - GridSearch XGBClassifier (direction)...
2025-11-11 17:09:26,132Z - INFO - Best XGB params: {'learning_rate': 0.05, 'max_depth': 6, 'n_estimators': 200}
2025-11-11 17:09:26,372Z - INFO - Pred counts (raw): [71, 123, 7]
2025-11-11 17:09:26,372Z - INFO - Avg probs (raw p0,p1,p2): [0.3488, 0.539, 0.1122]
