2025-11-11 21:00:22,918Z - INFO - ==== TE V5 Trainer start ====
2025-11-11 21:00:22,918Z - INFO - Connecting DB...
2025-11-11 21:00:22,971Z - INFO - DB OK
2025-11-11 21:00:22,972Z - INFO - Config dump: split_mode=events freq=D test_event_frac=0.15 test_period_frac=0.20 max_events_per_ts=60 thr_min=1.80 thr_coeff=0.60 use_vol_quantile=False vol_q=0.70 min_h=3 max_h=60 gates(conf=0.72 move_trade=0.68 margin=0.10 move_2stage=0.60)
2025-11-11 21:00:22,972Z - INFO - Loading prices...
2025-11-11 21:03:00,503Z - INFO - Indicators (RSI/SMA/ATR)...
2025-11-11 21:03:04,408Z - INFO - Daily trends (SMA/trend)...
2025-11-11 21:03:06,075Z - INFO - Loading TE news...
2025-11-11 21:03:09,973Z - INFO - Applying event filters in order: exclude prefixes -> cap per timestamp -> drop piles >80
2025-11-11 21:03:09,991Z - INFO - Excluded 680 stock-related events with prefixes ('te_stock_market_', 'te_stocks_')
2025-11-11 21:03:10,053Z - INFO - Capped per-timestamp events to 60: kept 2980, dropped 7271
2025-11-11 21:03:10,055Z - INFO - No timestamps exceeded NEWS_PILE_THRESHOLD=80
2025-11-11 21:03:10,055Z - INFO - Loading imp_cache_tradingeconomics...
2025-11-11 21:03:10,126Z - INFO - Building targets (direction/magnitude) with +15m horizon...
2025-11-11 21:03:12,291Z - INFO - Dynamic horizon filter: 2980 -> 886 events (removed 2094 with horizon < 3m)
2025-11-11 21:03:12,838Z - INFO - Direction classification thresholds: linear thr_min=1.80 coeff=0.60
2025-11-11 21:03:12,838Z - INFO - Threshold range (linear): min=1.80 max=2.04 median=1.80
2025-11-11 21:03:12,838Z - INFO - Building features...
2025-11-11 21:03:12,857Z - INFO - Loading correlation features...
2025-11-11 21:03:12,885Z - INFO - Falling back to correlation_trends (currency/year).
2025-11-11 21:03:12,917Z - INFO - Applied currency/year correlation fallback.
2025-11-11 21:03:13,918Z - INFO - Labels: use_dynamic=False, y_col=direction_cls, mag_col=magnitude_pips
2025-11-11 21:03:14,025Z - INFO - Preparing train/test split: mode=events freq=D
