2025-11-10 16:52:22,893Z - INFO - ==== TE V5 Trainer start ====
2025-11-10 16:52:22,893Z - INFO - Connecting DB...
2025-11-10 16:52:22,962Z - INFO - DB OK
2025-11-10 16:52:22,962Z - INFO - Loading prices...
2025-11-10 16:54:07,443Z - INFO - Indicators (RSI/SMA/ATR)...
2025-11-10 16:54:10,896Z - INFO - Daily trends (SMA/trend)...
2025-11-10 16:54:11,686Z - INFO - Loading TE news...
2025-11-10 16:54:12,467Z - INFO - Filtered news piles >20: 9449 removed
2025-11-10 16:54:12,467Z - INFO - Loading imp_cache_tradingeconomics...
2025-11-10 16:54:12,486Z - INFO - Building targets (direction/magnitude) with +15m horizon...
2025-11-10 16:54:14,651Z - INFO - Building features...
2025-11-10 16:54:14,661Z - INFO - Loading correlation features...
2025-11-10 16:54:14,665Z - WARNING - correlation_trends_v5 not usable: (mysql.connector.errors.ProgrammingError) 1054 (42S22): Unknown column 'event_key' in 'field list'
[SQL: 
      SELECT event_key, correlation, price_change, direction AS corr_direction, probability, observations
      FROM correlation_trends
    ]
(Background on this error at: https://sqlalche.me/e/20/f405)
2025-11-10 16:54:14,666Z - INFO - Falling back to correlation_trends (currency/year).
2025-11-10 16:54:14,687Z - INFO - Applied currency/year correlation fallback.
2025-11-10 16:54:15,601Z - INFO - Class balance before SMOTE: {1: 719, 2: 369, 0: 213}
2025-11-10 16:54:15,659Z - INFO - After SMOTE: {2: 719, 1: 719, 0: 719}
2025-11-10 16:54:15,664Z - INFO - Train RandomForest (direction)...
2025-11-10 16:54:16,540Z - INFO - GridSearch XGBClassifier (direction)...
2025-11-10 16:54:33,345Z - INFO - Best XGB params: {'learning_rate': 0.1, 'max_depth': 6, 'n_estimators': 300}
2025-11-10 16:54:33,470Z - INFO - Ensemble (RF+XGB) direction: acc=0.9421 f1=0.9420
2025-11-10 16:54:33,609Z - INFO - GridSearch XGBRegressor (magnitude)...
2025-11-10 16:54:35,677Z - INFO - Best XGBReg params: {'learning_rate': 0.1, 'max_depth': 4, 'n_estimators': 400}
2025-11-10 16:54:35,683Z - INFO - RMSE magnitude (pips) @+15m: 0.7021
2025-11-10 16:54:35,691Z - INFO - ==== TE V5 Trainer done ====
