2025-11-10 16:22:10,672Z - INFO - ==== TE V5 Trainer start ====
2025-11-10 16:22:10,672Z - INFO - Connecting DB...
2025-11-10 16:22:10,722Z - INFO - DB OK
2025-11-10 16:22:10,722Z - INFO - Loading prices...
2025-11-10 16:24:00,839Z - INFO - Indicators (RSI/SMA/ATR)...
2025-11-10 16:24:04,803Z - INFO - Daily trends (SMA/trend)...
2025-11-10 16:24:05,619Z - INFO - Loading TE news...
2025-11-10 16:24:06,281Z - INFO - Filtered news piles >20: 9449 removed
2025-11-10 16:24:06,282Z - INFO - Loading imp_cache_tradingeconomics...
2025-11-10 16:24:06,296Z - INFO - Building targets (direction/magnitude) with +15m horizon...
2025-11-10 16:24:08,347Z - INFO - Building features...
2025-11-10 16:24:08,361Z - INFO - Loading correlation features...
2025-11-10 16:24:08,377Z - INFO - Found correlation_trends (currency/year). Skipping join (no event_key). Using zeros.
2025-11-10 16:24:09,385Z - INFO - Class balance before SMOTE: {1: 717, 2: 375, 0: 206}
2025-11-10 16:24:09,576Z - INFO - After SMOTE: {2: 717, 1: 717, 0: 717}
2025-11-10 16:24:09,592Z - INFO - Train RandomForest (direction)...
2025-11-10 16:24:10,527Z - INFO - GridSearch XGBClassifier (direction)...
2025-11-10 16:24:26,754Z - INFO - Best XGB params: {'learning_rate': 0.1, 'max_depth': 4, 'n_estimators': 300}
2025-11-10 16:24:26,865Z - INFO - Ensemble (RF+XGB) direction: acc=0.9536 f1=0.9536
2025-11-10 16:24:27,006Z - INFO - GridSearch XGBRegressor (magnitude)...
2025-11-10 16:24:29,229Z - INFO - Best XGBReg params: {'learning_rate': 0.1, 'max_depth': 6, 'n_estimators': 400}
2025-11-10 16:24:29,235Z - INFO - RMSE magnitude (pips) @+15m: 0.6511
2025-11-10 16:24:29,241Z - INFO - ==== TE V5 Trainer done ====
