2025-11-10 20:54:56,668Z - INFO - ==== TE V5 Trainer start ====
2025-11-10 20:54:56,668Z - INFO - Connecting DB...
2025-11-10 20:54:56,723Z - INFO - DB OK
2025-11-10 20:54:56,723Z - INFO - Loading prices...
2025-11-10 20:56:50,506Z - INFO - Indicators (RSI/SMA/ATR)...
2025-11-10 20:56:54,677Z - INFO - Daily trends (SMA/trend)...
2025-11-10 20:56:55,757Z - INFO - Loading TE news...
2025-11-10 20:56:56,458Z - INFO - Filtered news piles >20: 9449 removed
2025-11-10 20:56:56,458Z - INFO - Loading imp_cache_tradingeconomics...
2025-11-10 20:56:56,471Z - INFO - Building targets (direction/magnitude) with +15m horizon...
2025-11-10 20:56:58,292Z - INFO - Building features...
2025-11-10 20:56:58,304Z - INFO - Loading correlation features...
2025-11-10 20:56:58,308Z - INFO - Falling back to correlation_trends (currency/year).
2025-11-10 20:56:58,334Z - INFO - Applied currency/year correlation fallback.
2025-11-10 20:56:59,305Z - INFO - Time split @ 2025-11-06 19:52:06.400000+00:00: train=1063, test=266
2025-11-10 20:56:59,306Z - INFO - Class balance (train): Counter({np.int64(1): 726, np.int64(2): 210, np.int64(0): 127})
2025-11-10 20:56:59,306Z - INFO - Class balance (test): Counter({np.int64(1): 197, np.int64(2): 39, np.int64(0): 30})
2025-11-10 20:56:59,308Z - INFO - Baseline (majority=1) acc=0.7406
2025-11-10 20:56:59,308Z - INFO - Train RandomForest (direction, class_weight=balanced)...
2025-11-10 20:57:00,247Z - INFO - GridSearch XGBClassifier (direction, sample_weight)...
2025-11-10 20:58:57,410Z - INFO - Best XGB params: {'learning_rate': 0.1, 'max_depth': 4, 'n_estimators': 300}
2025-11-10 20:58:57,557Z - INFO - Ensemble (RF+XGB) direction: acc=0.7331 f1=0.4778
2025-11-10 20:58:57,693Z - INFO - GridSearch XGBRegressor (magnitude)...
2025-11-10 20:58:59,352Z - INFO - Best XGBReg params: {'learning_rate': 0.05, 'max_depth': 4, 'n_estimators': 200}
2025-11-10 20:58:59,357Z - INFO - RMSE magnitude (pips) @+15m: 1.6196
2025-11-10 20:58:59,361Z - INFO - ==== TE V5 Trainer done ====
