2025-11-10 17:15:36,185Z - INFO - ==== TE V5 Trainer start ====
2025-11-10 17:15:36,185Z - INFO - Connecting DB...
2025-11-10 17:15:36,238Z - INFO - DB OK
2025-11-10 17:15:36,238Z - INFO - Loading prices...
2025-11-10 17:17:32,670Z - INFO - Indicators (RSI/SMA/ATR)...
2025-11-10 17:17:36,560Z - INFO - Daily trends (SMA/trend)...
2025-11-10 17:17:37,374Z - INFO - Loading TE news...
2025-11-10 17:17:38,047Z - INFO - Filtered news piles >20: 9449 removed
2025-11-10 17:17:38,047Z - INFO - Loading imp_cache_tradingeconomics...
2025-11-10 17:17:38,067Z - INFO - Building targets (direction/magnitude) with +15m horizon...
2025-11-10 17:17:39,943Z - INFO - Building features...
2025-11-10 17:17:39,955Z - INFO - Loading correlation features...
2025-11-10 17:17:39,960Z - INFO - Falling back to correlation_trends (currency/year).
2025-11-10 17:17:39,988Z - INFO - Applied currency/year correlation fallback.
2025-11-10 17:17:40,912Z - INFO - Class balance before SMOTE: {1: 718, 2: 379, 0: 210}
2025-11-10 17:17:41,090Z - INFO - After SMOTE: {2: 718, 1: 718, 0: 718}
2025-11-10 17:17:41,095Z - INFO - Train RandomForest (direction)...
2025-11-10 17:17:41,963Z - INFO - GridSearch XGBClassifier (direction)...
2025-11-10 17:19:16,799Z - INFO - Best XGB params: {'learning_rate': 0.1, 'max_depth': 6, 'n_estimators': 300}
2025-11-10 17:19:16,953Z - INFO - Ensemble (RF+XGB) direction: acc=0.9513 f1=0.9513
2025-11-10 17:19:17,165Z - INFO - GridSearch XGBRegressor (magnitude)...
2025-11-10 17:19:19,577Z - INFO - Best XGBReg params: {'learning_rate': 0.1, 'max_depth': 6, 'n_estimators': 400}
2025-11-10 17:19:19,585Z - INFO - RMSE magnitude (pips) @+15m: 0.8378
2025-11-10 17:19:19,596Z - INFO - ==== TE V5 Trainer done ====
