2025-11-10 20:45:31,015Z - INFO - ==== TE V5 Trainer start ====
2025-11-10 20:45:31,015Z - INFO - Connecting DB...
2025-11-10 20:45:31,072Z - INFO - DB OK
2025-11-10 20:45:31,072Z - INFO - Loading prices...
2025-11-10 20:47:19,533Z - INFO - Indicators (RSI/SMA/ATR)...
2025-11-10 20:47:22,971Z - INFO - Daily trends (SMA/trend)...
2025-11-10 20:47:23,720Z - INFO - Loading TE news...
2025-11-10 20:47:24,314Z - INFO - Filtered news piles >20: 9449 removed
2025-11-10 20:47:24,314Z - INFO - Loading imp_cache_tradingeconomics...
2025-11-10 20:47:24,329Z - INFO - Building targets (direction/magnitude) with +15m horizon...
2025-11-10 20:47:26,212Z - INFO - Building features...
2025-11-10 20:47:26,224Z - INFO - Loading correlation features...
2025-11-10 20:47:26,230Z - INFO - Falling back to correlation_trends (currency/year).
2025-11-10 20:47:26,270Z - INFO - Applied currency/year correlation fallback.
2025-11-10 20:47:27,392Z - INFO - Time split @ 2025-11-06 19:52:06.400000+00:00: train=1063, test=266
2025-11-10 20:47:27,393Z - INFO - Class balance (train): Counter({np.int64(1): 726, np.int64(2): 210, np.int64(0): 127})
2025-11-10 20:47:27,393Z - INFO - Class balance (test): Counter({np.int64(1): 198, np.int64(2): 35, np.int64(0): 33})
2025-11-10 20:47:27,395Z - INFO - Baseline (majority=1) acc=0.7444
2025-11-10 20:47:27,395Z - INFO - Train RandomForest (direction, class_weight=balanced)...
2025-11-10 20:47:28,632Z - INFO - GridSearch XGBClassifier (direction, sample_weight)...
