2025-11-10 20:16:31,432Z - INFO - ==== TE V5 Trainer start ====
2025-11-10 20:16:31,432Z - INFO - Connecting DB...
2025-11-10 20:16:31,491Z - INFO - DB OK
2025-11-10 20:16:31,492Z - INFO - Loading prices...
2025-11-10 20:18:15,050Z - INFO - Indicators (RSI/SMA/ATR)...
2025-11-10 20:18:18,450Z - INFO - Daily trends (SMA/trend)...
2025-11-10 20:18:19,210Z - INFO - Loading TE news...
2025-11-10 20:18:19,925Z - INFO - Filtered news piles >20: 9449 removed
2025-11-10 20:18:19,925Z - INFO - Loading imp_cache_tradingeconomics...
2025-11-10 20:18:19,940Z - INFO - Building targets (direction/magnitude) with +15m horizon...
2025-11-10 20:18:21,769Z - INFO - Building features...
2025-11-10 20:18:21,782Z - INFO - Loading correlation features...
2025-11-10 20:18:21,787Z - INFO - Falling back to correlation_trends (currency/year).
2025-11-10 20:18:21,817Z - INFO - Applied currency/year correlation fallback.
2025-11-10 20:18:22,744Z - INFO - Time split @ 2025-11-06 19:51:43.400000+00:00: train=1061, test=266
2025-11-10 20:18:22,745Z - INFO - Class balance before SMOTE (train): Counter({np.int64(1): 586, np.int64(2): 304, np.int64(0): 171})
2025-11-10 20:18:22,833Z - INFO - SMOTE applied (k=5). After: Counter({np.int64(2): 586, np.int64(1): 586, np.int64(0): 586})
2025-11-10 20:18:22,833Z - INFO - Train RandomForest (direction)...
2025-11-10 20:18:23,903Z - INFO - GridSearch XGBClassifier (direction)...
2025-11-10 20:19:04,467Z - INFO - Best XGB params: {'learning_rate': 0.1, 'max_depth': 4, 'n_estimators': 300}
2025-11-10 20:19:04,579Z - INFO - Ensemble (RF+XGB) direction: acc=0.4662 f1=0.3972
2025-11-10 20:19:04,784Z - INFO - GridSearch XGBRegressor (magnitude)...
2025-11-10 20:19:06,476Z - INFO - Best XGBReg params: {'learning_rate': 0.05, 'max_depth': 4, 'n_estimators': 200}
2025-11-10 20:19:06,482Z - INFO - RMSE magnitude (pips) @+15m: 2.3466
2025-11-10 20:19:06,486Z - INFO - ==== TE V5 Trainer done ====
